d:\dae\2de jaar\4de smester\programming 4\minienginesetup\x64\release\minigin.pch
d:\dae\2de jaar\4de smester\programming 4\minienginesetup\x64\release\vc142.pdb
d:\dae\2de jaar\4de smester\programming 4\minienginesetup\x64\release\miniginpch.obj
d:\dae\2de jaar\4de smester\programming 4\minienginesetup\x64\release\imgui_widgets.obj
d:\dae\2de jaar\4de smester\programming 4\minienginesetup\x64\release\imgui_tables.obj
d:\dae\2de jaar\4de smester\programming 4\minienginesetup\x64\release\imgui_draw.obj
d:\dae\2de jaar\4de smester\programming 4\minienginesetup\x64\release\imgui_demo.obj
d:\dae\2de jaar\4de smester\programming 4\minienginesetup\x64\release\imgui.obj
d:\dae\2de jaar\4de smester\programming 4\minienginesetup\x64\release\imgui_impl_sdl.obj
d:\dae\2de jaar\4de smester\programming 4\minienginesetup\x64\release\imgui_impl_opengl2.obj
d:\dae\2de jaar\4de smester\programming 4\minienginesetup\x64\release\transform.obj
d:\dae\2de jaar\4de smester\programming 4\minienginesetup\x64\release\texture2dcomponent.obj
d:\dae\2de jaar\4de smester\programming 4\minienginesetup\x64\release\texture2d.obj
d:\dae\2de jaar\4de smester\programming 4\minienginesetup\x64\release\textobject.obj
d:\dae\2de jaar\4de smester\programming 4\minienginesetup\x64\release\scenemanager.obj
d:\dae\2de jaar\4de smester\programming 4\minienginesetup\x64\release\scene.obj
d:\dae\2de jaar\4de smester\programming 4\minienginesetup\x64\release\resourcemanager.obj
d:\dae\2de jaar\4de smester\programming 4\minienginesetup\x64\release\renderer.obj
d:\dae\2de jaar\4de smester\programming 4\minienginesetup\x64\release\minigin.obj
d:\dae\2de jaar\4de smester\programming 4\minienginesetup\x64\release\main.obj
d:\dae\2de jaar\4de smester\programming 4\minienginesetup\x64\release\inputmanager.obj
d:\dae\2de jaar\4de smester\programming 4\minienginesetup\x64\release\gameobject.obj
d:\dae\2de jaar\4de smester\programming 4\minienginesetup\x64\release\font.obj
d:\dae\2de jaar\4de smester\programming 4\minienginesetup\x64\release\command.obj
d:\dae\2de jaar\4de smester\programming 4\minienginesetup\x64\release\minigin.exe
d:\dae\2de jaar\4de smester\programming 4\minienginesetup\x64\release\minigin.pdb
d:\dae\2de jaar\4de smester\programming 4\minienginesetup\x64\release\minigin.lib
d:\dae\2de jaar\4de smester\programming 4\minienginesetup\x64\release\minigin.exp
d:\dae\2de jaar\4de smester\programming 4\minienginesetup\x64\release\minigin.ipdb
d:\dae\2de jaar\4de smester\programming 4\minienginesetup\x64\release\minigin.iobj
d:\dae\2de jaar\4de smester\programming 4\minienginesetup\x64\release\qbert.pdb
d:\dae\2de jaar\4de smester\programming 4\minienginesetup\x64\release\minigin.tlog\cl.command.1.tlog
d:\dae\2de jaar\4de smester\programming 4\minienginesetup\x64\release\minigin.tlog\cl.read.1.tlog
d:\dae\2de jaar\4de smester\programming 4\minienginesetup\x64\release\minigin.tlog\cl.write.1.tlog
d:\dae\2de jaar\4de smester\programming 4\minienginesetup\x64\release\minigin.tlog\link.command.1.tlog
d:\dae\2de jaar\4de smester\programming 4\minienginesetup\x64\release\minigin.tlog\link.read.1.tlog
d:\dae\2de jaar\4de smester\programming 4\minienginesetup\x64\release\minigin.tlog\link.write.1.tlog
d:\dae\2de jaar\4de smester\programming 4\minienginesetup\x64\release\minigin.tlog\minigin.write.1u.tlog
