d:\dae\2de jaar\4de smester\programming 4\minienginesetup\x64\debug\minigin.pch
d:\dae\2de jaar\4de smester\programming 4\minienginesetup\x64\debug\vc142.pdb
d:\dae\2de jaar\4de smester\programming 4\minienginesetup\x64\debug\vc142.idb
d:\dae\2de jaar\4de smester\programming 4\minienginesetup\x64\debug\miniginpch.obj
d:\dae\2de jaar\4de smester\programming 4\minienginesetup\x64\debug\imgui_widgets.obj
d:\dae\2de jaar\4de smester\programming 4\minienginesetup\x64\debug\imgui_tables.obj
d:\dae\2de jaar\4de smester\programming 4\minienginesetup\x64\debug\imgui_draw.obj
d:\dae\2de jaar\4de smester\programming 4\minienginesetup\x64\debug\imgui_demo.obj
d:\dae\2de jaar\4de smester\programming 4\minienginesetup\x64\debug\imgui.obj
d:\dae\2de jaar\4de smester\programming 4\minienginesetup\x64\debug\imgui_impl_sdl.obj
d:\dae\2de jaar\4de smester\programming 4\minienginesetup\x64\debug\imgui_impl_opengl2.obj
d:\dae\2de jaar\4de smester\programming 4\minienginesetup\x64\debug\transform.obj
d:\dae\2de jaar\4de smester\programming 4\minienginesetup\x64\debug\texture2dcomponent.obj
d:\dae\2de jaar\4de smester\programming 4\minienginesetup\x64\debug\texture2d.obj
d:\dae\2de jaar\4de smester\programming 4\minienginesetup\x64\debug\textobject.obj
d:\dae\2de jaar\4de smester\programming 4\minienginesetup\x64\debug\scenemanager.obj
d:\dae\2de jaar\4de smester\programming 4\minienginesetup\x64\debug\scene.obj
d:\dae\2de jaar\4de smester\programming 4\minienginesetup\x64\debug\resourcemanager.obj
d:\dae\2de jaar\4de smester\programming 4\minienginesetup\x64\debug\renderer.obj
d:\dae\2de jaar\4de smester\programming 4\minienginesetup\x64\debug\minigin.obj
d:\dae\2de jaar\4de smester\programming 4\minienginesetup\x64\debug\main.obj
d:\dae\2de jaar\4de smester\programming 4\minienginesetup\x64\debug\inputmanager.obj
d:\dae\2de jaar\4de smester\programming 4\minienginesetup\x64\debug\gameobject.obj
d:\dae\2de jaar\4de smester\programming 4\minienginesetup\x64\debug\font.obj
d:\dae\2de jaar\4de smester\programming 4\minienginesetup\x64\debug\command.obj
d:\dae\2de jaar\4de smester\programming 4\minienginesetup\x64\debug\minigin.exe
d:\dae\2de jaar\4de smester\programming 4\minienginesetup\x64\debug\minigin.ilk
d:\dae\2de jaar\4de smester\programming 4\minienginesetup\x64\debug\minigin.pdb
d:\dae\2de jaar\4de smester\programming 4\minienginesetup\x64\debug\minigin.lib
d:\dae\2de jaar\4de smester\programming 4\minienginesetup\x64\debug\minigin.exp
d:\dae\2de jaar\4de smester\programming 4\minienginesetup\x64\debug\minigin.tlog\cl.command.1.tlog
d:\dae\2de jaar\4de smester\programming 4\minienginesetup\x64\debug\minigin.tlog\cl.read.1.tlog
d:\dae\2de jaar\4de smester\programming 4\minienginesetup\x64\debug\minigin.tlog\cl.write.1.tlog
d:\dae\2de jaar\4de smester\programming 4\minienginesetup\x64\debug\minigin.tlog\link.command.1.tlog
d:\dae\2de jaar\4de smester\programming 4\minienginesetup\x64\debug\minigin.tlog\link.read.1.tlog
d:\dae\2de jaar\4de smester\programming 4\minienginesetup\x64\debug\minigin.tlog\link.write.1.tlog
d:\dae\2de jaar\4de smester\programming 4\minienginesetup\x64\debug\minigin.tlog\minigin.write.1u.tlog
