  MiniginPCH.cpp
  Font.cpp
  GameObject.cpp
  InputManager.cpp
  Main.cpp
  Minigin.cpp
  Renderer.cpp
  ResourceManager.cpp
  Scene.cpp
  SceneManager.cpp
  TextObject.cpp
  Texture2D.cpp
  Texture2DComponent.cpp
  Transform.cpp
  Generating Code...
     Creating library D:\DAE\2de jaar\4de smester\programming 4\MiniEngineSetup\Win32\Debug\Minigin.lib and object D:\DAE\2de jaar\4de smester\programming 4\MiniEngineSetup\Win32\Debug\Minigin.exp
  Minigin.vcxproj -> D:\DAE\2de jaar\4de smester\programming 4\MiniEngineSetup\Win32\Debug\Minigin.exe
  D:\DAE\2de jaar\4de smester\programming 4\MiniEngineSetup\3rdParty\SDL2\lib\x86\SDL2.dll
  1 File(s) copied
  D:\DAE\2de jaar\4de smester\programming 4\MiniEngineSetup\3rdParty\SDL2_image\lib\x86\libjpeg-9.dll
  D:\DAE\2de jaar\4de smester\programming 4\MiniEngineSetup\3rdParty\SDL2_image\lib\x86\libpng16-16.dll
  D:\DAE\2de jaar\4de smester\programming 4\MiniEngineSetup\3rdParty\SDL2_image\lib\x86\libtiff-5.dll
  D:\DAE\2de jaar\4de smester\programming 4\MiniEngineSetup\3rdParty\SDL2_image\lib\x86\libwebp-7.dll
  D:\DAE\2de jaar\4de smester\programming 4\MiniEngineSetup\3rdParty\SDL2_image\lib\x86\SDL2_image.dll
  D:\DAE\2de jaar\4de smester\programming 4\MiniEngineSetup\3rdParty\SDL2_image\lib\x86\zlib1.dll
  6 File(s) copied
  D:\DAE\2de jaar\4de smester\programming 4\MiniEngineSetup\3rdParty\SDL2_ttf\lib\x86\libfreetype-6.dll
  D:\DAE\2de jaar\4de smester\programming 4\MiniEngineSetup\3rdParty\SDL2_ttf\lib\x86\SDL2_ttf.dll
  2 File(s) copied
